# JRE version: OpenJDK Runtime Environment (17.0.9) (build 17.0.9+0--11185874)
# Java VM: OpenJDK 64-Bit Server VM (17.0.9+0--11185874, mixed mode, tiered, compressed oops, compressed class ptrs, g1 gc, windows-amd64)
GC Precious Log:
 CPUs: 8 total, 8 available
 Memory: 8048M
 Large Page Support: Disabled
 NUMA Support: Disabled
 Compressed Oops: Enabled (32-bit)
 Heap Region Size: 1M
 Heap Min Capacity: 8M
 Heap Initial Capacity: 8M
 Heap Max Capacity: 2014M
 Pre-touch: Disabled
 Parallel Workers: 8
 Concurrent Workers: 2
 Concurrent Refinement Workers: 8
 Periodic GC: Disabled
Heap:
 garbage-first heap   total 11264K, used 3587K [0x0000000082200000, 0x0000000100000000)
  region size 1024K, 1 young (1024K), 1 survivors (1024K)
 Metaspace       used 10057K, committed 10368K, reserved 1114112K
  class space    used 1021K, committed 1152K, reserved 1048576K
GC Heap History (17 events):
Event: 0.161 GC heap before
{Heap before GC invocations=0 (full 0):
 garbage-first heap   total 8192K, used 3072K [0x0000000082200000, 0x0000000100000000)
  region size 1024K, 3 young (3072K), 0 survivors (0K)
 Metaspace       used 7166K, committed 7296K, reserved 1114112K
  class space    used 650K, committed 704K, reserved 1048576K
}
Event: 0.163 GC heap after
{Heap after GC invocations=1 (full 0):
 garbage-first heap   total 8192K, used 896K [0x0000000082200000, 0x0000000100000000)
  region size 1024K, 1 young (1024K), 1 survivors (1024K)
 Metaspace       used 7166K, committed 7296K, reserved 1114112K
  class space    used 650K, committed 704K, reserved 1048576K
}
Event: 0.186 GC heap before
{Heap before GC invocations=1 (full 0):
 garbage-first heap   total 8192K, used 896K [0x0000000082200000, 0x0000000100000000)
  region size 1024K, 2 young (2048K), 1 survivors (1024K)
 Metaspace       used 7660K, committed 7808K, reserved 1114112K
  class space    used 711K, committed 768K, reserved 1048576K
}
Event: 0.189 GC heap after
{Heap after GC invocations=2 (full 0):
 garbage-first heap   total 8192K, used 1163K [0x0000000082200000, 0x0000000100000000)
  region size 1024K, 1 young (1024K), 1 survivors (1024K)
 Metaspace       used 7660K, committed 7808K, reserved 1114112K
  class space    used 711K, committed 768K, reserved 1048576K
}
Event: 0.230 GC heap before
{Heap before GC invocations=2 (full 0):
 garbage-first heap   total 8192K, used 2187K [0x0000000082200000, 0x0000000100000000)
  region size 1024K, 2 young (2048K), 1 survivors (1024K)
 Metaspace       used 8483K, committed 8640K, reserved 1114112K
  class space    used 804K, committed 896K, reserved 1048576K
}
Event: 0.230 GC heap after
{Heap after GC invocations=3 (full 0):
 garbage-first heap   total 8192K, used 1172K [0x0000000082200000, 0x0000000100000000)
  region size 1024K, 1 young (1024K), 1 survivors (1024K)
 Metaspace       used 8483K, committed 8640K, reserved 1114112K
  class space    used 804K, committed 896K, reserved 1048576K
}
Event: 0.278 GC heap before
{Heap before GC invocations=3 (full 0):
 garbage-first heap   total 8192K, used 3220K [0x0000000082200000, 0x0000000100000000)
  region size 1024K, 3 young (3072K), 1 survivors (1024K)
 Metaspace       used 8938K, committed 9152K, reserved 1114112K
  class space    used 869K, committed 960K, reserved 1048576K
}
Event: 0.280 GC heap after
{Heap after GC invocations=4 (full 0):
 garbage-first heap   total 8192K, used 2098K [0x0000000082200000, 0x0000000100000000)
  region size 1024K, 1 young (1024K), 1 survivors (1024K)
 Metaspace       used 8938K, committed 9152K, reserved 1114112K
  class space    used 869K, committed 960K, reserved 1048576K
}
Event: 0.303 GC heap before
{Heap before GC invocations=4 (full 0):
 garbage-first heap   total 8192K, used 3122K [0x0000000082200000, 0x0000000100000000)
  region size 1024K, 2 young (2048K), 1 survivors (1024K)
 Metaspace       used 9205K, committed 9344K, reserved 1114112K
  class space    used 904K, committed 960K, reserved 1048576K
}
Event: 0.306 GC heap after
{Heap after GC invocations=5 (full 0):
 garbage-first heap   total 11264K, used 2780K [0x0000000082200000, 0x0000000100000000)
  region size 1024K, 1 young (1024K), 1 survivors (1024K)
 Metaspace       used 9205K, committed 9344K, reserved 1114112K
  class space    used 904K, committed 960K, reserved 1048576K
}
Event: 0.340 GC heap before
{Heap before GC invocations=5 (full 0):
 garbage-first heap   total 11264K, used 3804K [0x0000000082200000, 0x0000000100000000)
  region size 1024K, 2 young (2048K), 1 survivors (1024K)
 Metaspace       used 9315K, committed 9472K, reserved 1114112K
  class space    used 910K, committed 960K, reserved 1048576K
}
Event: 0.343 GC heap after
{Heap after GC invocations=6 (full 0):
 garbage-first heap   total 11264K, used 3171K [0x0000000082200000, 0x0000000100000000)
  region size 1024K, 1 young (1024K), 1 survivors (1024K)
 Metaspace       used 9315K, committed 9472K, reserved 1114112K
  class space    used 910K, committed 960K, reserved 1048576K
}
Event: 0.364 GC heap before
{Heap before GC invocations=6 (full 0):
 garbage-first heap   total 11264K, used 4195K [0x0000000082200000, 0x0000000100000000)
  region size 1024K, 2 young (2048K), 1 survivors (1024K)
 Metaspace       used 9472K, committed 9728K, reserved 1114112K
  class space    used 947K, committed 1024K, reserved 1048576K
}
Event: 0.365 GC heap after
{Heap after GC invocations=7 (full 0):
 garbage-first heap   total 11264K, used 2976K [0x0000000082200000, 0x0000000100000000)
  region size 1024K, 1 young (1024K), 1 survivors (1024K)
 Metaspace       used 9472K, committed 9728K, reserved 1114112K
  class space    used 947K, committed 1024K, reserved 1048576K
}
Event: 0.398 GC heap before
{Heap before GC invocations=7 (full 0):
 garbage-first heap   total 11264K, used 5024K [0x0000000082200000, 0x0000000100000000)
  region size 1024K, 3 young (3072K), 1 survivors (1024K)
 Metaspace       used 9675K, committed 9984K, reserved 1114112K
  class space    used 974K, committed 1088K, reserved 1048576K
}
Event: 0.399 GC heap after
{Heap after GC invocations=8 (full 0):
 garbage-first heap   total 11264K, used 3122K [0x0000000082200000, 0x0000000100000000)
  region size 1024K, 1 young (1024K), 1 survivors (1024K)
 Metaspace       used 9675K, committed 9984K, reserved 1114112K
  class space    used 974K, committed 1088K, reserved 1048576K
}
Event: 0.444 GC heap before
{Heap before GC invocations=8 (full 0):
 garbage-first heap   total 11264K, used 4146K [0x0000000082200000, 0x0000000100000000)
  region size 1024K, 3 young (3072K), 1 survivors (1024K)
 Metaspace       used 10057K, committed 10368K, reserved 1114112K
  class space    used 1021K, committed 1152K, reserved 1048576K
}

